<?xml version="1.0" encoding="UTF-8"?>
<testsuite xmlns:xsi="http://www.w3.org/2001/XMLSchema-instance" xsi:noNamespaceSchemaLocation="https://maven.apache.org/surefire/maven-surefire-plugin/xsd/surefire-test-report.xsd" name="com.ibik.app.AppTest" time="0.013" tests="1" errors="0" skipped="0" failures="0">
  <properties>
    <property name="java.specification.version" value="17"/>
    <property name="sun.jnu.encoding" value="UTF-8"/>
    <property name="java.class.path" value="/Users/febryfairuz/Documents/IBIK/2021-2020/Pemograman-Object-Oriented/src/reguler/pertemuan9-first-project-maven/my-app/target/test-classes:/Users/febryfairuz/Documents/IBIK/2021-2020/Pemograman-Object-Oriented/src/reguler/pertemuan9-first-project-maven/my-app/target/classes:/Users/febryfairuz/.m2/repository/junit/junit/4.11/junit-4.11.jar:/Users/febryfairuz/.m2/repository/org/hamcrest/hamcrest-core/1.3/hamcrest-core-1.3.jar:"/>
    <property name="java.vm.vendor" value="Homebrew"/>
    <property name="sun.arch.data.model" value="64"/>
    <property name="java.vendor.url" value="https://github.com/Homebrew/homebrew-core/issues"/>
    <property name="os.name" value="Mac OS X"/>
    <property name="java.vm.specification.version" value="17"/>
    <property name="sun.java.launcher" value="SUN_STANDARD"/>
    <property name="user.country" value="GB"/>
    <property name="sun.boot.library.path" value="/opt/homebrew/Cellar/openjdk/17.0.1/libexec/openjdk.jdk/Contents/Home/lib"/>
    <property name="sun.java.command" value="/Users/febryfairuz/Documents/IBIK/2021-2020/Pemograman-Object-Oriented/src/reguler/pertemuan9-first-project-maven/my-app/target/surefire/surefirebooter16591736701676394624.jar /Users/febryfairuz/Documents/IBIK/2021-2020/Pemograman-Object-Oriented/src/reguler/pertemuan9-first-project-maven/my-app/target/surefire 2021-11-27T03-56-05_541-jvmRun1 surefire17466843080889380663tmp surefire_01013289950321429714tmp"/>
    <property name="http.nonProxyHosts" value="local|*.local|169.254/16|*.169.254/16"/>
    <property name="jdk.debug" value="release"/>
    <property name="surefire.test.class.path" value="/Users/febryfairuz/Documents/IBIK/2021-2020/Pemograman-Object-Oriented/src/reguler/pertemuan9-first-project-maven/my-app/target/test-classes:/Users/febryfairuz/Documents/IBIK/2021-2020/Pemograman-Object-Oriented/src/reguler/pertemuan9-first-project-maven/my-app/target/classes:/Users/febryfairuz/.m2/repository/junit/junit/4.11/junit-4.11.jar:/Users/febryfairuz/.m2/repository/org/hamcrest/hamcrest-core/1.3/hamcrest-core-1.3.jar:"/>
    <property name="sun.cpu.endian" value="little"/>
    <property name="user.home" value="/Users/febryfairuz"/>
    <property name="user.language" value="en"/>
    <property name="java.specification.vendor" value="Oracle Corporation"/>
    <property name="java.version.date" value="2021-10-19"/>
    <property name="java.home" value="/opt/homebrew/Cellar/openjdk/17.0.1/libexec/openjdk.jdk/Contents/Home"/>
    <property name="file.separator" value="/"/>
    <property name="basedir" value="/Users/febryfairuz/Documents/IBIK/2021-2020/Pemograman-Object-Oriented/src/reguler/pertemuan9-first-project-maven/my-app"/>
    <property name="java.vm.compressedOopsMode" value="Zero based"/>
    <property name="line.separator" value="&#10;"/>
    <property name="java.specification.name" value="Java Platform API Specification"/>
    <property name="java.vm.specification.vendor" value="Oracle Corporation"/>
    <property name="surefire.real.class.path" value="/Users/febryfairuz/Documents/IBIK/2021-2020/Pemograman-Object-Oriented/src/reguler/pertemuan9-first-project-maven/my-app/target/surefire/surefirebooter16591736701676394624.jar"/>
    <property name="sun.management.compiler" value="HotSpot 64-Bit Tiered Compilers"/>
    <property name="ftp.nonProxyHosts" value="local|*.local|169.254/16|*.169.254/16"/>
    <property name="java.runtime.version" value="17.0.1+0"/>
    <property name="user.name" value="febryfairuz"/>
    <property name="path.separator" value=":"/>
    <property name="os.version" value="11.5.2"/>
    <property name="java.runtime.name" value="OpenJDK Runtime Environment"/>
    <property name="file.encoding" value="UTF-8"/>
    <property name="java.vm.name" value="OpenJDK 64-Bit Server VM"/>
    <property name="java.vendor.version" value="Homebrew"/>
    <property name="localRepository" value="/Users/febryfairuz/.m2/repository"/>
    <property name="java.vendor.url.bug" value="https://github.com/Homebrew/homebrew-core/issues"/>
    <property name="java.io.tmpdir" value="/var/folders/3z/ykj7tcgj629d2t3zxhg8pw280000gn/T/"/>
    <property name="java.version" value="17.0.1"/>
    <property name="user.dir" value="/Users/febryfairuz/Documents/IBIK/2021-2020/Pemograman-Object-Oriented/src/reguler/pertemuan9-first-project-maven/my-app"/>
    <property name="os.arch" value="aarch64"/>
    <property name="java.vm.specification.name" value="Java Virtual Machine Specification"/>
    <property name="native.encoding" value="UTF-8"/>
    <property name="java.library.path" value="/Users/febryfairuz/Library/Java/Extensions:/Library/Java/Extensions:/Network/Library/Java/Extensions:/System/Library/Java/Extensions:/usr/lib/java:."/>
    <property name="java.vm.info" value="mixed mode, sharing"/>
    <property name="java.vendor" value="Homebrew"/>
    <property name="java.vm.version" value="17.0.1+0"/>
    <property name="sun.io.unicode.encoding" value="UnicodeBig"/>
    <property name="socksNonProxyHosts" value="local|*.local|169.254/16|*.169.254/16"/>
    <property name="java.class.version" value="61.0"/>
  </properties>
  <testcase name="shouldAnswerWithTrue" classname="com.ibik.app.AppTest" time="0.001"/>
</testsuite>