<?xml version="1.0" encoding="UTF-8"?>
<testsuite xmlns:xsi="http://www.w3.org/2001/XMLSchema-instance" xsi:noNamespaceSchemaLocation="https://maven.apache.org/surefire/maven-surefire-plugin/xsd/surefire-test-report.xsd" name="com.ibik.app.AppTest" time="0.07" tests="1" errors="0" skipped="0" failures="0">
  <properties>
    <property name="java.specification.version" value="14"/>
    <property name="sun.cpu.isalist" value="amd64"/>
    <property name="sun.jnu.encoding" value="Cp1252"/>
    <property name="java.class.path" value="D:\IBIK\PBO\2021-2022\Scripting\PBO-IBIK-2021\src\reguler\pertemuan9\my-app\target\test-classes;D:\IBIK\PBO\2021-2022\Scripting\PBO-IBIK-2021\src\reguler\pertemuan9\my-app\target\classes;C:\Users\Febri\.m2\repository\junit\junit\4.11\junit-4.11.jar;C:\Users\Febri\.m2\repository\org\hamcrest\hamcrest-core\1.3\hamcrest-core-1.3.jar;"/>
    <property name="java.vm.vendor" value="Oracle Corporation"/>
    <property name="sun.arch.data.model" value="64"/>
    <property name="user.variant" value=""/>
    <property name="java.vendor.url" value="https://java.oracle.com/"/>
    <property name="user.timezone" value="Asia/Jakarta"/>
    <property name="os.name" value="Windows 10"/>
    <property name="java.vm.specification.version" value="14"/>
    <property name="sun.java.launcher" value="SUN_STANDARD"/>
    <property name="user.country" value="US"/>
    <property name="sun.boot.library.path" value="C:\Program Files\Java\jdk-14.0.2\bin"/>
    <property name="sun.java.command" value="C:\Users\Febri\AppData\Local\Temp\surefire10478400854865443466\surefirebooter16988741802165262189.jar C:\Users\Febri\AppData\Local\Temp\surefire10478400854865443466 2021-11-26T20-10-49_787-jvmRun1 surefire2149689427510878276tmp surefire_015325142151682805213tmp"/>
    <property name="jdk.debug" value="release"/>
    <property name="surefire.test.class.path" value="D:\IBIK\PBO\2021-2022\Scripting\PBO-IBIK-2021\src\reguler\pertemuan9\my-app\target\test-classes;D:\IBIK\PBO\2021-2022\Scripting\PBO-IBIK-2021\src\reguler\pertemuan9\my-app\target\classes;C:\Users\Febri\.m2\repository\junit\junit\4.11\junit-4.11.jar;C:\Users\Febri\.m2\repository\org\hamcrest\hamcrest-core\1.3\hamcrest-core-1.3.jar;"/>
    <property name="sun.cpu.endian" value="little"/>
    <property name="user.home" value="C:\Users\Febri"/>
    <property name="user.language" value="en"/>
    <property name="java.specification.vendor" value="Oracle Corporation"/>
    <property name="java.version.date" value="2020-07-14"/>
    <property name="java.home" value="C:\Program Files\Java\jdk-14.0.2"/>
    <property name="file.separator" value="\"/>
    <property name="basedir" value="D:\IBIK\PBO\2021-2022\Scripting\PBO-IBIK-2021\src\reguler\pertemuan9\my-app"/>
    <property name="java.vm.compressedOopsMode" value="Zero based"/>
    <property name="line.separator" value="&#10;"/>
    <property name="java.vm.specification.vendor" value="Oracle Corporation"/>
    <property name="java.specification.name" value="Java Platform API Specification"/>
    <property name="surefire.real.class.path" value="C:\Users\Febri\AppData\Local\Temp\surefire10478400854865443466\surefirebooter16988741802165262189.jar"/>
    <property name="user.script" value=""/>
    <property name="sun.management.compiler" value="HotSpot 64-Bit Tiered Compilers"/>
    <property name="java.runtime.version" value="14.0.2+12-46"/>
    <property name="user.name" value="Febri"/>
    <property name="path.separator" value=";"/>
    <property name="os.version" value="10.0"/>
    <property name="java.runtime.name" value="Java(TM) SE Runtime Environment"/>
    <property name="file.encoding" value="Cp1252"/>
    <property name="java.vm.name" value="Java HotSpot(TM) 64-Bit Server VM"/>
    <property name="localRepository" value="C:\Users\Febri\.m2\repository"/>
    <property name="java.vendor.url.bug" value="https://bugreport.java.com/bugreport/"/>
    <property name="java.io.tmpdir" value="C:\Users\Febri\AppData\Local\Temp\"/>
    <property name="java.version" value="14.0.2"/>
    <property name="user.dir" value="D:\IBIK\PBO\2021-2022\Scripting\PBO-IBIK-2021\src\reguler\pertemuan9\my-app"/>
    <property name="os.arch" value="amd64"/>
    <property name="java.vm.specification.name" value="Java Virtual Machine Specification"/>
    <property name="sun.os.patch.level" value=""/>
    <property name="java.library.path" value="C:\Program Files\Java\jdk-14.0.2\bin;C:\WINDOWS\Sun\Java\bin;C:\WINDOWS\system32;C:\WINDOWS;C:\Users\Febri\gcc\bin;C:\Users\Febri\gcc\libexec\gcc\x86_64-pc-mingw32\4.7.0;C:\WINDOWS\system32;C:\WINDOWS;C:\WINDOWS\System32\Wbem;C:\WINDOWS\System32\WindowsPowerShell\v1.0\;C:\WINDOWS\System32\OpenSSH\;C:\Program Files\Git\cmd;C:\Program Files\WSO2\API Manager\3.1.0\bin;C:\xampp\php;C:\composer;C:\Program Files (x86)\Yarn\bin\;C:\Python\Python39;C:\Program Files\nodejs\;C:\Users\Febri\AppData\Local\Microsoft\WindowsApps;C:\Users\Febri\AppData\Roaming\Composer\vendor\bin;C:\Program Files\Java\jdk-14.0.2\bin;C:\Program Files\apache-maven-3.8.3\bin;C:\Users\Febri\AppData\Local\Programs\Microsoft VS Code\bin;C:\Users\Febri\AppData\Local\Yarn\bin;C:\Python\Python39;C:\Users\Febri\AppData\Roaming\npm;."/>
    <property name="java.vm.info" value="mixed mode, sharing"/>
    <property name="java.vendor" value="Oracle Corporation"/>
    <property name="java.vm.version" value="14.0.2+12-46"/>
    <property name="sun.io.unicode.encoding" value="UnicodeLittle"/>
    <property name="java.class.version" value="58.0"/>
  </properties>
  <testcase name="shouldAnswerWithTrue" classname="com.ibik.app.AppTest" time="0.002"/>
</testsuite>